Arguments: 
  D:\programs\nodejs\node.exe C:\Users\HQY\AppData\Roaming\npm\node_modules\yarn\bin\yarn.js add antd babel-plugin-import

PATH: 
  C:\Program Files (x86)\Intel\iCLS Client\;C:\Program Files\Intel\iCLS Client\;C:\WINDOWS\system32;C:\WINDOWS;C:\WINDOWS\System32\Wbem;C:\WINDOWS\System32\WindowsPowerShell\v1.0\;C:\Program Files (x86)\Intel\Intel(R) Management Engine Components\DAL;C:\Program Files\Intel\Intel(R) Management Engine Components\DAL;C:\Program Files (x86)\Intel\Intel(R) Management Engine Components\IPT;C:\Program Files\Intel\Intel(R) Management Engine Components\IPT;C:\WINDOWS\System32\OpenSSH\;D:\programs\nodejs\;D:\programs\Git\cmd;C:\Program Files\PuTTY\;C:\Ruby25-x64\bin;C:\Users\HQY\AppData\Local\Microsoft\WindowsApps;C:\Users\HQY\AppData\Roaming\npm;D:\programs\Microsoft VS Code\bin;D:\programs\nodejs\node_global

Yarn version: 
  1.10.1

Node version: 
  10.12.0

Platform: 
  win32 x64

Trace: 
  Error: ENOENT: no such file or directory, copyfile 'C:\Users\HQY\AppData\Local\Yarn\Cache\v2\npm-warning-4.0.2-aa6876480872116fa3e11d434b0d0d8d91e44607\CHANGELOG.md' -> 'D:\myproject\test\demo\node_modules\antd\node_modules\warning\CHANGELOG.md'

npm manifest: 
  {
    "private": true,
    "scripts": {
      "start": "roadhog server",
      "build": "roadhog build",
      "lint": "eslint --ext .js src test",
      "precommit": "npm run lint"
    },
    "dependencies": {
      "antd": "^3.11.2",
      "babel-plugin-import": "^1.11.0",
      "dva": "^2.4.1",
      "react": "^16.2.0",
      "react-dom": "^16.2.0"
    },
    "devDependencies": {
      "babel-plugin-dva-hmr": "^0.3.2",
      "eslint": "^4.14.0",
      "eslint-config-umi": "^0.1.1",
      "eslint-plugin-flowtype": "^2.34.1",
      "eslint-plugin-import": "^2.6.0",
      "eslint-plugin-jsx-a11y": "^5.1.1",
      "eslint-plugin-react": "^7.1.0",
      "husky": "^0.12.0",
      "redbox-react": "^1.4.3",
      "roadhog": "^2.0.0"
    }
  }

yarn manifest: 
  No manifest

Lockfile: 
  No lockfile
